# JRE version: Java(TM) SE Runtime Environment (8.0_131-b11) (build 1.8.0_131-b11)
# Java VM: Java HotSpot(TM) 64-Bit Server VM (25.131-b11 mixed mode linux-amd64 compressed oops)
Heap:
 PSYoungGen      total 197120K, used 8680K [0x00000000d8200000, 0x00000000e5500000, 0x0000000100000000)
  eden space 188416K, 0% used [0x00000000d8200000,0x00000000d8200000,0x00000000e3a00000)
  from space 8704K, 99% used [0x00000000e4400000,0x00000000e4c7a030,0x00000000e4c80000)
  to   space 5632K, 0% used [0x00000000e4f80000,0x00000000e4f80000,0x00000000e5500000)
 ParOldGen       total 81408K, used 21517K [0x0000000088600000, 0x000000008d580000, 0x00000000d8200000)
  object space 81408K, 26% used [0x0000000088600000,0x0000000089b03538,0x000000008d580000)
 Metaspace       used 41200K, capacity 41692K, committed 42152K, reserved 1085440K
  class space    used 5109K, capacity 5268K, committed 5288K, reserved 1048576K
GC Heap History (10 events):
Event: 16,036 GC heap after
Heap after GC invocations=10 (full 1):
 PSYoungGen      total 124928K, used 5617K [0x00000000d8200000, 0x00000000e2180000, 0x0000000100000000)
  eden space 116736K, 0% used [0x00000000d8200000,0x00000000d8200000,0x00000000df400000)
  from space 8192K, 68% used [0x00000000df400000,0x00000000df97c6c8,0x00000000dfc00000)
  to   space 8192K, 0% used [0x00000000e1980000,0x00000000e1980000,0x00000000e2180000)
 ParOldGen       total 50176K, used 8748K [0x0000000088600000, 0x000000008b700000, 0x00000000d8200000)
  object space 50176K, 17% used [0x0000000088600000,0x0000000088e8b020,0x000000008b700000)
 Metaspace       used 26432K, capacity 26736K, committed 27008K, reserved 1073152K
  class space    used 3244K, capacity 3339K, committed 3456K, reserved 1048576K
}
Event: 17,847 GC heap before
{Heap before GC invocations=11 (full 1):
 PSYoungGen      total 124928K, used 122353K [0x00000000d8200000, 0x00000000e2180000, 0x0000000100000000)
  eden space 116736K, 100% used [0x00000000d8200000,0x00000000df400000,0x00000000df400000)
  from space 8192K, 68% used [0x00000000df400000,0x00000000df97c6c8,0x00000000dfc00000)
  to   space 8192K, 0% used [0x00000000e1980000,0x00000000e1980000,0x00000000e2180000)
 ParOldGen       total 50176K, used 8748K [0x0000000088600000, 0x000000008b700000, 0x00000000d8200000)
  object space 50176K, 17% used [0x0000000088600000,0x0000000088e8b020,0x000000008b700000)
 Metaspace       used 29263K, capacity 29578K, committed 29824K, reserved 1075200K
  class space    used 3581K, capacity 3674K, committed 3712K, reserved 1048576K
Event: 17,859 GC heap after
Heap after GC invocations=11 (full 1):
 PSYoungGen      total 155136K, used 6978K [0x00000000d8200000, 0x00000000e3000000, 0x0000000100000000)
  eden space 146944K, 0% used [0x00000000d8200000,0x00000000d8200000,0x00000000e1180000)
  from space 8192K, 85% used [0x00000000e1980000,0x00000000e2050ab8,0x00000000e2180000)
  to   space 8192K, 0% used [0x00000000e1180000,0x00000000e1180000,0x00000000e1980000)
 ParOldGen       total 50176K, used 9768K [0x0000000088600000, 0x000000008b700000, 0x00000000d8200000)
  object space 50176K, 19% used [0x0000000088600000,0x0000000088f8a050,0x000000008b700000)
 Metaspace       used 29263K, capacity 29578K, committed 29824K, reserved 1075200K
  class space    used 3581K, capacity 3674K, committed 3712K, reserved 1048576K
}
Event: 22,844 GC heap before
{Heap before GC invocations=12 (full 1):
 PSYoungGen      total 155136K, used 105509K [0x00000000d8200000, 0x00000000e3000000, 0x0000000100000000)
  eden space 146944K, 67% used [0x00000000d8200000,0x00000000de238c48,0x00000000e1180000)
  from space 8192K, 85% used [0x00000000e1980000,0x00000000e2050ab8,0x00000000e2180000)
  to   space 8192K, 0% used [0x00000000e1180000,0x00000000e1180000,0x00000000e1980000)
 ParOldGen       total 50176K, used 9768K [0x0000000088600000, 0x000000008b700000, 0x00000000d8200000)
  object space 50176K, 19% used [0x0000000088600000,0x0000000088f8a050,0x000000008b700000)
 Metaspace       used 34911K, capacity 35296K, committed 35496K, reserved 1081344K
  class space    used 4368K, capacity 4496K, committed 4520K, reserved 1048576K
Event: 22,880 GC heap after
Heap after GC invocations=12 (full 1):
 PSYoungGen      total 155136K, used 7521K [0x00000000d8200000, 0x00000000e5800000, 0x0000000100000000)
  eden space 146944K, 0% used [0x00000000d8200000,0x00000000d8200000,0x00000000e1180000)
  from space 8192K, 91% used [0x00000000e1180000,0x00000000e18d8798,0x00000000e1980000)
  to   space 8704K, 0% used [0x00000000e4f80000,0x00000000e4f80000,0x00000000e5800000)
 ParOldGen       total 50176K, used 14244K [0x0000000088600000, 0x000000008b700000, 0x00000000d8200000)
  object space 50176K, 28% used [0x0000000088600000,0x00000000893e9060,0x000000008b700000)
 Metaspace       used 34911K, capacity 35296K, committed 35496K, reserved 1081344K
  class space    used 4368K, capacity 4496K, committed 4520K, reserved 1048576K
}
Event: 22,880 GC heap before
{Heap before GC invocations=13 (full 2):
 PSYoungGen      total 155136K, used 7521K [0x00000000d8200000, 0x00000000e5800000, 0x0000000100000000)
  eden space 146944K, 0% used [0x00000000d8200000,0x00000000d8200000,0x00000000e1180000)
  from space 8192K, 91% used [0x00000000e1180000,0x00000000e18d8798,0x00000000e1980000)
  to   space 8704K, 0% used [0x00000000e4f80000,0x00000000e4f80000,0x00000000e5800000)
 ParOldGen       total 50176K, used 14244K [0x0000000088600000, 0x000000008b700000, 0x00000000d8200000)
  object space 50176K, 28% used [0x0000000088600000,0x00000000893e9060,0x000000008b700000)
 Metaspace       used 34911K, capacity 35296K, committed 35496K, reserved 1081344K
  class space    used 4368K, capacity 4496K, committed 4520K, reserved 1048576K
Event: 23,062 GC heap after
Heap after GC invocations=13 (full 2):
 PSYoungGen      total 155136K, used 0K [0x00000000d8200000, 0x00000000e5800000, 0x0000000100000000)
  eden space 146944K, 0% used [0x00000000d8200000,0x00000000d8200000,0x00000000e1180000)
  from space 8192K, 0% used [0x00000000e1180000,0x00000000e1180000,0x00000000e1980000)
  to   space 8704K, 0% used [0x00000000e4f80000,0x00000000e4f80000,0x00000000e5800000)
 ParOldGen       total 81408K, used 18955K [0x0000000088600000, 0x000000008d580000, 0x00000000d8200000)
  object space 81408K, 23% used [0x0000000088600000,0x0000000089882d30,0x000000008d580000)
 Metaspace       used 34911K, capacity 35296K, committed 35496K, reserved 1081344K
  class space    used 4368K, capacity 4496K, committed 4520K, reserved 1048576K
}
Event: 25,978 GC heap before
{Heap before GC invocations=14 (full 2):
 PSYoungGen      total 155136K, used 146944K [0x00000000d8200000, 0x00000000e5800000, 0x0000000100000000)
  eden space 146944K, 100% used [0x00000000d8200000,0x00000000e1180000,0x00000000e1180000)
  from space 8192K, 0% used [0x00000000e1180000,0x00000000e1180000,0x00000000e1980000)
  to   space 8704K, 0% used [0x00000000e4f80000,0x00000000e4f80000,0x00000000e5800000)
 ParOldGen       total 81408K, used 18955K [0x0000000088600000, 0x000000008d580000, 0x00000000d8200000)
  object space 81408K, 23% used [0x0000000088600000,0x0000000089882d30,0x000000008d580000)
 Metaspace       used 37525K, capacity 38016K, committed 38440K, reserved 1083392K
  class space    used 4678K, capacity 4832K, committed 4904K, reserved 1048576K
Event: 25,996 GC heap after
Heap after GC invocations=14 (full 2):
 PSYoungGen      total 194048K, used 5328K [0x00000000d8200000, 0x00000000e5500000, 0x0000000100000000)
  eden space 188416K, 0% used [0x00000000d8200000,0x00000000d8200000,0x00000000e3a00000)
  from space 5632K, 94% used [0x00000000e4f80000,0x00000000e54b43d8,0x00000000e5500000)
  to   space 8704K, 0% used [0x00000000e4400000,0x00000000e4400000,0x00000000e4c80000)
 ParOldGen       total 81408K, used 18963K [0x0000000088600000, 0x000000008d580000, 0x00000000d8200000)
  object space 81408K, 23% used [0x0000000088600000,0x0000000089884d30,0x000000008d580000)
 Metaspace       used 37525K, capacity 38016K, committed 38440K, reserved 1083392K
  class space    used 4678K, capacity 4832K, committed 4904K, reserved 1048576K
}
Event: 37,182 GC heap before
{Heap before GC invocations=15 (full 2):
 PSYoungGen      total 194048K, used 193744K [0x00000000d8200000, 0x00000000e5500000, 0x0000000100000000)
  eden space 188416K, 100% used [0x00000000d8200000,0x00000000e3a00000,0x00000000e3a00000)
  from space 5632K, 94% used [0x00000000e4f80000,0x00000000e54b43d8,0x00000000e5500000)
  to   space 8704K, 0% used [0x00000000e4400000,0x00000000e4400000,0x00000000e4c80000)
 ParOldGen       total 81408K, used 18963K [0x0000000088600000, 0x000000008d580000, 0x00000000d8200000)
  object space 81408K, 23% used [0x0000000088600000,0x0000000089884d30,0x000000008d580000)
 Metaspace       used 41200K, capacity 41692K, committed 42152K, reserved 1085440K
  class space    used 5109K, capacity 5268K, committed 5288K, reserved 1048576K

